<?xml version="1.0" encoding="UTF-8"?>
<testng-results ignored="0" total="2" passed="2" failed="0" skipped="0">
  <reporter-output>
  </reporter-output>
  <suite started-at="2024-07-05T10:39:16 IST" name="Surefire suite" finished-at="2024-07-05T10:39:54 IST" duration-ms="38035">
    <groups>
    </groups>
    <test started-at="2024-07-05T10:39:16 IST" name="Surefire test" finished-at="2024-07-05T10:39:54 IST" duration-ms="38035">
      <class name="rahulshettyacademy.Test.SubmitOrderTest">
        <test-method is-config="true" signature="launchApplication()[pri:0, instance:rahulshettyacademy.Test.SubmitOrderTest@4cc8eb05]" started-at="2024-07-05T10:39:16 IST" name="launchApplication" finished-at="2024-07-05T10:39:20 IST" duration-ms="3993" status="PASS">
          <reporter-output>
          </reporter-output>
        </test-method> <!-- launchApplication -->
        <test-method signature="SubmitOrder(java.util.HashMap)[pri:0, instance:rahulshettyacademy.Test.SubmitOrderTest@4cc8eb05]" started-at="2024-07-05T10:39:20 IST" name="SubmitOrder" data-provider="data" finished-at="2024-07-05T10:39:34 IST" duration-ms="14069" status="PASS">
          <params>
            <param index="0">
              <value>
                <![CDATA[{pass=Hello@123, email=leotanya.kishore@gmail.com, productName=ZARA COAT 3}]]>
              </value>
            </param>
          </params>
          <reporter-output>
          </reporter-output>
        </test-method> <!-- SubmitOrder -->
        <test-method is-config="true" signature="closeApplication()[pri:0, instance:rahulshettyacademy.Test.SubmitOrderTest@4cc8eb05]" started-at="2024-07-05T10:39:34 IST" name="closeApplication" finished-at="2024-07-05T10:39:35 IST" duration-ms="984" status="PASS">
          <reporter-output>
          </reporter-output>
        </test-method> <!-- closeApplication -->
        <test-method is-config="true" signature="launchApplication()[pri:0, instance:rahulshettyacademy.Test.SubmitOrderTest@4cc8eb05]" started-at="2024-07-05T10:39:35 IST" name="launchApplication" finished-at="2024-07-05T10:39:39 IST" duration-ms="4138" status="PASS">
          <reporter-output>
          </reporter-output>
        </test-method> <!-- launchApplication -->
        <test-method signature="SubmitOrder(java.util.HashMap)[pri:0, instance:rahulshettyacademy.Test.SubmitOrderTest@4cc8eb05]" started-at="2024-07-05T10:39:39 IST" name="SubmitOrder" data-provider="data" finished-at="2024-07-05T10:39:53 IST" duration-ms="13988" status="PASS">
          <params>
            <param index="0">
              <value>
                <![CDATA[{pass=Hello@123, email=leotkishore96@gmail.com, productName=ADIDAS ORIGINAL}]]>
              </value>
            </param>
          </params>
          <reporter-output>
          </reporter-output>
        </test-method> <!-- SubmitOrder -->
        <test-method is-config="true" signature="closeApplication()[pri:0, instance:rahulshettyacademy.Test.SubmitOrderTest@4cc8eb05]" started-at="2024-07-05T10:39:53 IST" name="closeApplication" finished-at="2024-07-05T10:39:54 IST" duration-ms="662" status="PASS">
          <reporter-output>
          </reporter-output>
        </test-method> <!-- closeApplication -->
      </class> <!-- rahulshettyacademy.Test.SubmitOrderTest -->
    </test> <!-- Surefire test -->
  </suite> <!-- Surefire suite -->
</testng-results>
