<?xml version="1.0" encoding="UTF-8"?>
<testng-results ignored="0" total="2" passed="2" failed="0" skipped="0">
  <reporter-output>
  </reporter-output>
  <suite started-at="2024-07-05T15:20:30 IST" name="Default suite" finished-at="2024-07-05T15:21:05 IST" duration-ms="35656">
    <groups>
    </groups>
    <test started-at="2024-07-05T15:20:30 IST" name="Default test" finished-at="2024-07-05T15:21:05 IST" duration-ms="35656">
      <class name="rahulshettyacademy.Test.SubmitOrderTest">
        <test-method is-config="true" signature="launchApplication()[pri:0, instance:rahulshettyacademy.Test.SubmitOrderTest@65c7a252]" started-at="2024-07-05T15:20:30 IST" name="launchApplication" finished-at="2024-07-05T15:20:32 IST" duration-ms="1870" status="PASS">
          <reporter-output>
          </reporter-output>
        </test-method> <!-- launchApplication -->
        <test-method signature="SubmitOrder(java.util.HashMap)[pri:0, instance:rahulshettyacademy.Test.SubmitOrderTest@65c7a252]" started-at="2024-07-05T15:20:32 IST" name="SubmitOrder" data-provider="data" finished-at="2024-07-05T15:20:47 IST" duration-ms="15064" status="PASS">
          <params>
            <param index="0">
              <value>
                <![CDATA[{pass=Hello@123, email=leotanya.kishore@gmail.com, productName=ZARA COAT 3}]]>
              </value>
            </param>
          </params>
          <reporter-output>
          </reporter-output>
        </test-method> <!-- SubmitOrder -->
        <test-method is-config="true" signature="closeApplication()[pri:0, instance:rahulshettyacademy.Test.SubmitOrderTest@65c7a252]" started-at="2024-07-05T15:20:47 IST" name="closeApplication" finished-at="2024-07-05T15:20:48 IST" duration-ms="924" status="PASS">
          <reporter-output>
          </reporter-output>
        </test-method> <!-- closeApplication -->
        <test-method is-config="true" signature="launchApplication()[pri:0, instance:rahulshettyacademy.Test.SubmitOrderTest@65c7a252]" started-at="2024-07-05T15:20:48 IST" name="launchApplication" finished-at="2024-07-05T15:20:49 IST" duration-ms="1553" status="PASS">
          <reporter-output>
          </reporter-output>
        </test-method> <!-- launchApplication -->
        <test-method signature="SubmitOrder(java.util.HashMap)[pri:0, instance:rahulshettyacademy.Test.SubmitOrderTest@65c7a252]" started-at="2024-07-05T15:20:49 IST" name="SubmitOrder" data-provider="data" finished-at="2024-07-05T15:21:04 IST" duration-ms="15203" status="PASS">
          <params>
            <param index="0">
              <value>
                <![CDATA[{pass=Hello@123, email=leotkishore96@gmail.com, productName=ADIDAS ORIGINAL}]]>
              </value>
            </param>
          </params>
          <reporter-output>
          </reporter-output>
        </test-method> <!-- SubmitOrder -->
        <test-method is-config="true" signature="closeApplication()[pri:0, instance:rahulshettyacademy.Test.SubmitOrderTest@65c7a252]" started-at="2024-07-05T15:21:04 IST" name="closeApplication" finished-at="2024-07-05T15:21:05 IST" duration-ms="725" status="PASS">
          <reporter-output>
          </reporter-output>
        </test-method> <!-- closeApplication -->
      </class> <!-- rahulshettyacademy.Test.SubmitOrderTest -->
    </test> <!-- Default test -->
  </suite> <!-- Default suite -->
</testng-results>
